<?xml version="1.0" encoding="UTF-8"?>
<testng-results ignored="0" total="1" passed="1" failed="0" skipped="0">
  <reporter-output>
  </reporter-output>
  <suite started-at="2021-08-02T16:19:00 IST" name="Default suite" finished-at="2021-08-02T16:19:09 IST" duration-ms="9069">
    <groups>
    </groups>
    <test started-at="2021-08-02T16:19:00 IST" name="Default test" finished-at="2021-08-02T16:19:09 IST" duration-ms="9069">
      <class name="com.TY.RMG.Projects.CreateProjectAndValidationInDBTestAndDelete">
        <test-method signature="CreateDataBaseAndDelete()[pri:0, instance:com.TY.RMG.Projects.CreateProjectAndValidationInDBTestAndDelete@6a84a97d]" started-at="2021-08-02T16:19:00 IST" name="CreateDataBaseAndDelete" finished-at="2021-08-02T16:19:09 IST" duration-ms="8988" status="PASS">
          <reporter-output>
          </reporter-output>
        </test-method> <!-- CreateDataBaseAndDelete -->
      </class> <!-- com.TY.RMG.Projects.CreateProjectAndValidationInDBTestAndDelete -->
    </test> <!-- Default test -->
  </suite> <!-- Default suite -->
</testng-results>
